Removed Pin From Net: NetName=ADC1_IN3 Pin=SW1-1
Removed Pin From Net: NetName=ADC1_IN0 Pin=SW1-3
Removed Member From Class: ClassName=PWR_MCU Member=SW1
Removed Member From Class: ClassName=PWR_MCU Member=VD2
Change Component Comment : Designator=R1 Old Comment=Resistor film, 2k, , 0603, 0.1W, -55...+125°C New Comment=Resistor film, 1k, , 0603, 0.1W, -55...+125°C
Change Component Designator: OldDesignator=C5 NewDesignator=C7
Change Component Designator: OldDesignator=C6 NewDesignator=C5
Change Component Designator: OldDesignator=C7 NewDesignator=C6
Change Component Designator: OldDesignator=R1 NewDesignator=R3
Change Component Designator: OldDesignator=R2 NewDesignator=R4
Change Component Designator: OldDesignator=R3 NewDesignator=R5
Change Component Designator: OldDesignator=R4 NewDesignator=R7
Change Component Designator: OldDesignator=R5 NewDesignator=R8
Change Component Designator: OldDesignator=R6 NewDesignator=R9
Change Component Designator: OldDesignator=R7 NewDesignator=R10
Change Component Designator: OldDesignator=R8 NewDesignator=R11
Change Component Designator: OldDesignator=R9 NewDesignator=R12
Change Component Designator: OldDesignator=R10 NewDesignator=R13
Change Component Designator: OldDesignator=R11 NewDesignator=R14
Change Component Designator: OldDesignator=R12 NewDesignator=R15
Change Component Designator: OldDesignator=R13 NewDesignator=R16
Change Component Designator: OldDesignator=R14 NewDesignator=R17
Change Component Designator: OldDesignator=R15 NewDesignator=R18
Change Component Designator: OldDesignator=R16 NewDesignator=R19
Change Component Designator: OldDesignator=R17 NewDesignator=R20
Change Component Designator: OldDesignator=R18 NewDesignator=R21
Change Component Designator: OldDesignator=R19 NewDesignator=R22
Change Component Designator: OldDesignator=R20 NewDesignator=R23
Change Component Designator: OldDesignator=R21 NewDesignator=R24
Change Component Designator: OldDesignator=R22 NewDesignator=R25
Change Component Designator: OldDesignator=R23 NewDesignator=R26
Change Component Designator: OldDesignator=R24 NewDesignator=R27
Change Component Designator: OldDesignator=R25 NewDesignator=R28
Change Component Designator: OldDesignator=R26 NewDesignator=R29
Change Component Designator: OldDesignator=R27 NewDesignator=R30
Change Component Designator: OldDesignator=R28 NewDesignator=R31
Change Component Designator: OldDesignator=R29 NewDesignator=R32
Change Component Designator: OldDesignator=R30 NewDesignator=R33
Change Component Designator: OldDesignator=R31 NewDesignator=R34
Change Component Designator: OldDesignator=R32 NewDesignator=R35
Change Component Designator: OldDesignator=R33 NewDesignator=R36
Change Component Designator: OldDesignator=R34 NewDesignator=R37
Change Component Designator: OldDesignator=R35 NewDesignator=R38
Change Component Designator: OldDesignator=R36 NewDesignator=R39
Change Component Designator: OldDesignator=R37 NewDesignator=R40
Change Component Designator: OldDesignator=R38 NewDesignator=R41
Change Component Designator: OldDesignator=R39 NewDesignator=R42
Change Component Designator: OldDesignator=R40 NewDesignator=R43
Change Component Designator: OldDesignator=R41 NewDesignator=R44
Change Component Designator: OldDesignator=R42 NewDesignator=R45
Change Component Designator: OldDesignator=R43 NewDesignator=R46
Change Component Designator: OldDesignator=R44 NewDesignator=R47
Change Component Designator: OldDesignator=R45 NewDesignator=R48
Change Component Designator: OldDesignator=R46 NewDesignator=R49
Change Component Designator: OldDesignator=R47 NewDesignator=R50
Change Component Designator: OldDesignator=R48 NewDesignator=R51
Change Component Designator: OldDesignator=VD2 NewDesignator=VD1
Change Component Designator: OldDesignator=VD3 NewDesignator=VD2
Change Component Designator: OldDesignator=VD4 NewDesignator=VD3
Change Component Designator: OldDesignator=VD5 NewDesignator=VD4
Change Component Designator: OldDesignator=VD6 NewDesignator=VD5
Change Component Designator: OldDesignator=VD7 NewDesignator=VD6
Change Component Designator: OldDesignator=VD8 NewDesignator=VD7
Change Component Designator: OldDesignator=VD9 NewDesignator=VD8
Change Component Designator: OldDesignator=VD10 NewDesignator=VD9
Change Component Designator: OldDesignator=VD11 NewDesignator=VD10
Change Component Designator: OldDesignator=VD12 NewDesignator=VD11
Change Component Designator: OldDesignator=VD13 NewDesignator=VD12
Change Component Designator: OldDesignator=VD14 NewDesignator=VD13
Change Component Designator: OldDesignator=VD15 NewDesignator=VD14
Change Component Designator: OldDesignator=VD16 NewDesignator=VD15
Change Component Designator: OldDesignator=VD17 NewDesignator=VD16
Change Component Designator: OldDesignator=VD18 NewDesignator=VD17
Change Component Designator: OldDesignator=VD19 NewDesignator=VD18
Change Component Designator: OldDesignator=VD20 NewDesignator=VD19
Change Component Designator: OldDesignator=VD21 NewDesignator=VD20
Change Component Designator: OldDesignator=VD22 NewDesignator=VD21
Change Component Designator: OldDesignator=VD23 NewDesignator=VD22
Change Component Designator: OldDesignator=VD24 NewDesignator=VD23
Change Component Designator: OldDesignator=VD25 NewDesignator=VD24
Change Component Designator: OldDesignator=VD26 NewDesignator=VD25
Change Component Designator: OldDesignator=VD27 NewDesignator=VD26
Change Component Designator: OldDesignator=VD28 NewDesignator=VD27
Change Component Designator: OldDesignator=VD29 NewDesignator=VD28
Change Component Designator: OldDesignator=VD30 NewDesignator=VD29
Change Component Designator: OldDesignator=VD31 NewDesignator=VD30
Change Component Designator: OldDesignator=VD32 NewDesignator=VD31
Change Component Designator: OldDesignator=VD33 NewDesignator=VD32
Change Component Designator: OldDesignator=VD34 NewDesignator=VD33
Change Component Designator: OldDesignator=VD35 NewDesignator=VD34
Change Component Designator: OldDesignator=VD36 NewDesignator=VD35
Change Component Designator: OldDesignator=VD37 NewDesignator=VD36
Change Component Designator: OldDesignator=VD38 NewDesignator=VD37
Change component parameters: Designator = "R1" ("R3"); Footprint = "RES: 0603"; UniqueID = "\OMXVDGBM" ("\OMXVDGBM")
Change component parameters (AddParameter): Name = "HelpURL"; Value = "https://www.digikey.com/product-detail/en/yageo/RC0603JR-07100RL/311-100GRCT-ND/729644"; VariantName = "[No Variations]"
Change component parameters (AddParameter): Name = "Manufacturer"; Value = "Yageo"; VariantName = "[No Variations]"
Change component parameters (AddParameter): Name = "Package"; Value = "0603"; VariantName = "[No Variations]"
Change component parameters (AddParameter): Name = "PartNumber"; Value = "RC0603JR-07100RL"; VariantName = "[No Variations]"
Change component parameters (AddParameter): Name = "Power"; Value = "0.1W"; VariantName = "[No Variations]"
Change component parameters (AddParameter): Name = "Temperature"; Value = "-55...+125°C"; VariantName = "[No Variations]"
Change component parameters (AddParameter): Name = "TypeResistor"; Value = "Resistor film"; VariantName = "[No Variations]"
Change component parameters (AddParameter): Name = "Value"; Value = "1k"; VariantName = "[No Variations]"
Change component parameters (AddParameter): Name = "ValueManufacturerPartNumber"; Value = "Resistor film, 1k, , 0603, 0.1W, -55...+125°C"; VariantName = "[No Variations]"
Added Component: Designator=R1(RES: 0603)
Add component (AddParameter): Name = "HelpURL"; Value = "https://www.digikey.com/product-detail/en/yageo/RC0603JR-07100RL/311-100GRCT-ND/729644"; VariantName = "[No Variations]"
Add component (AddParameter): Name = "Manufacturer"; Value = "Yageo"; VariantName = "[No Variations]"
Add component (AddParameter): Name = "Package"; Value = "0603"; VariantName = "[No Variations]"
Add component (AddParameter): Name = "PartNumber"; Value = "RC0603JR-07100RL"; VariantName = "[No Variations]"
Add component (AddParameter): Name = "Power"; Value = "0.1W"; VariantName = "[No Variations]"
Add component (AddParameter): Name = "Temperature"; Value = "-55...+125°C"; VariantName = "[No Variations]"
Add component (AddParameter): Name = "TypeResistor"; Value = "Resistor film"; VariantName = "[No Variations]"
Add component (AddParameter): Name = "Value"; Value = "220k"; VariantName = "[No Variations]"
Add component (AddParameter): Name = "ValueManufacturerPartNumber"; Value = "Resistor film, 220k, , 0603, 0.1W, -55...+125°C"; VariantName = "[No Variations]"
Added Component: Designator=R2(RES: 0603)
Add component (AddParameter): Name = "HelpURL"; Value = "https://www.digikey.com/product-detail/en/yageo/RC0603JR-07100RL/311-100GRCT-ND/729644"; VariantName = "[No Variations]"
Add component (AddParameter): Name = "Manufacturer"; Value = "Yageo"; VariantName = "[No Variations]"
Add component (AddParameter): Name = "Package"; Value = "0603"; VariantName = "[No Variations]"
Add component (AddParameter): Name = "PartNumber"; Value = "RC0603JR-07100RL"; VariantName = "[No Variations]"
Add component (AddParameter): Name = "Power"; Value = "0.1W"; VariantName = "[No Variations]"
Add component (AddParameter): Name = "Temperature"; Value = "-55...+125°C"; VariantName = "[No Variations]"
Add component (AddParameter): Name = "TypeResistor"; Value = "Resistor film"; VariantName = "[No Variations]"
Add component (AddParameter): Name = "Value"; Value = "220k"; VariantName = "[No Variations]"
Add component (AddParameter): Name = "ValueManufacturerPartNumber"; Value = "Resistor film, 220k, , 0603, 0.1W, -55...+125°C"; VariantName = "[No Variations]"
Added Component: Designator=R6(RES: 0603)
Add component (AddParameter): Name = "HelpURL"; Value = "https://www.digikey.com/product-detail/en/yageo/RC0603JR-07100RL/311-100GRCT-ND/729644"; VariantName = "[No Variations]"
Add component (AddParameter): Name = "Manufacturer"; Value = "Yageo"; VariantName = "[No Variations]"
Add component (AddParameter): Name = "Package"; Value = "0603"; VariantName = "[No Variations]"
Add component (AddParameter): Name = "PartNumber"; Value = "RC0603JR-07100RL"; VariantName = "[No Variations]"
Add component (AddParameter): Name = "Power"; Value = "0.1W"; VariantName = "[No Variations]"
Add component (AddParameter): Name = "Temperature"; Value = "-55...+125°C"; VariantName = "[No Variations]"
Add component (AddParameter): Name = "TypeResistor"; Value = "Resistor film"; VariantName = "[No Variations]"
Add component (AddParameter): Name = "Value"; Value = "1k"; VariantName = "[No Variations]"
Add component (AddParameter): Name = "ValueManufacturerPartNumber"; Value = "Resistor film, 1k, , 0603, 0.1W, -55...+125°C"; VariantName = "[No Variations]"
Added Pin To Net: NetName=5V_in Pin=R1-2
Added Pin To Net: NetName=GND Pin=R2-2
Added Pin To Net: NetName=ADC1_IN3 Pin=R3-1
Added Pin To Net: NetName=ADC1_IN0 Pin=R4-1
Added Pin To Net: NetName=ADC1_IN0 Pin=R5-2
Added Pin To Net: NetName=ADC1_IN3 Pin=R6-2
Change Net Name : Old Net Name=NetR5_1 New Net Name=NetR8_1
Change Net Name : Old Net Name=NetR6_1 New Net Name=NetR9_1
Change Net Name : Old Net Name=NetR7_1 New Net Name=NetR10_1
Change Net Name : Old Net Name=NetR8_1 New Net Name=NetR11_1
Change Net Name : Old Net Name=NetR9_1 New Net Name=NetR12_1
Change Net Name : Old Net Name=NetR10_1 New Net Name=NetR13_1
Change Net Name : Old Net Name=NetR11_2 New Net Name=NetR14_2
Change Net Name : Old Net Name=NetR12_2 New Net Name=NetR15_2
Change Net Name : Old Net Name=NetR13_1 New Net Name=NetR16_1
Change Net Name : Old Net Name=NetR14_1 New Net Name=NetR17_1
Change Net Name : Old Net Name=NetR17_1 New Net Name=NetR20_1
Change Net Name : Old Net Name=NetR18_1 New Net Name=NetR21_1
Change Net Name : Old Net Name=NetR19_1 New Net Name=NetR22_1
Change Net Name : Old Net Name=NetR20_1 New Net Name=NetR23_1
Change Net Name : Old Net Name=NetR21_1 New Net Name=NetR24_1
Change Net Name : Old Net Name=NetR22_1 New Net Name=NetR25_1
Change Net Name : Old Net Name=NetR23_1 New Net Name=NetR26_1
Change Net Name : Old Net Name=NetR24_1 New Net Name=NetR27_1
Change Net Name : Old Net Name=NetR25_1 New Net Name=NetR28_1
Change Net Name : Old Net Name=NetR26_1 New Net Name=NetR29_1
Change Net Name : Old Net Name=NetR27_1 New Net Name=NetR30_1
Change Net Name : Old Net Name=NetR28_1 New Net Name=NetR31_1
Change Net Name : Old Net Name=NetR29_1 New Net Name=NetR32_1
Change Net Name : Old Net Name=NetR30_1 New Net Name=NetR33_1
Change Net Name : Old Net Name=NetR31_1 New Net Name=NetR34_1
Change Net Name : Old Net Name=NetR32_1 New Net Name=NetR35_1
Change Net Name : Old Net Name=NetR33_2 New Net Name=NetR36_2
Change Net Name : Old Net Name=NetR34_2 New Net Name=NetR37_2
Change Net Name : Old Net Name=NetR35_1 New Net Name=NetR38_1
Change Net Name : Old Net Name=NetR36_1 New Net Name=NetR39_1
Change Net Name : Old Net Name=NetR39_1 New Net Name=NetR42_1
Change Net Name : Old Net Name=NetR40_1 New Net Name=NetR43_1
Change Net Name : Old Net Name=NetR41_1 New Net Name=NetR44_1
Change Net Name : Old Net Name=NetR42_1 New Net Name=NetR45_1
Change Net Name : Old Net Name=NetR43_1 New Net Name=NetR46_1
Change Net Name : Old Net Name=NetR44_1 New Net Name=NetR47_1
Change Net Name : Old Net Name=NetR45_1 New Net Name=NetR48_1
Change Net Name : Old Net Name=NetR46_1 New Net Name=NetR49_1
Change Net Name : Old Net Name=NetR47_1 New Net Name=NetR50_1
Change Net Name : Old Net Name=NetR48_1 New Net Name=NetR51_1
Change Net Name : Old Net Name=NetVD3_2 New Net Name=NetVD2_2
Change Net Name : Old Net Name=NetVD4_2 New Net Name=NetVD3_2
Change Net Name : Old Net Name=NetVD21_2 New Net Name=NetVD20_2
Change Net Name : Old Net Name=NetVD22_2 New Net Name=NetVD21_2
Added Pin To Net: NetName=ADC1_IN4 Pin=DD2-10
Added Pin To Net: NetName=ADC1_IN4 Pin=R1-1
Added Pin To Net: NetName=ADC1_IN4 Pin=R2-1
Added Net: Name=ADC1_IN4
Added Pin To Net: NetName=NetR6_1 Pin=R6-1
Added Pin To Net: NetName=NetR6_1 Pin=VD1-1
Added Net: Name=NetR6_1
Added Member To Class: ClassName=PWR_MCU Member=Component R5 Resistor film, 220k, , 0603, 0.1W, -55...+125°C
Added Member To Class: ClassName=PWR_MCU Member=Component R6 Resistor film, 1k, , 0603, 0.1W, -55...+125°C
Added Member To Class: ClassName=PWR_MCU Member=Component R7 Resistor film, 1k3, , 0603, 0.1W, -55...+125°C
