Removed Pin From Net: NetName=OSC_IN Pin=BQ1-1
Removed Pin From Net: NetName=5V_in Pin=C1-2
Removed Pin From Net: NetName=GND Pin=C3-2
Removed Pin From Net: NetName=OSC_IN Pin=C4-1
Removed Pin From Net: NetName=GND Pin=C4-2
Removed Pin From Net: NetName=3V3 Pin=C5-2
Removed Pin From Net: NetName=3V3 Pin=C6-2
Removed Pin From Net: NetName=3V3 Pin=C7-2
Removed Pin From Net: NetName=3V3 Pin=C8-2
Removed Pin From Net: NetName=3V3 Pin=C9-2
Removed Pin From Net: NetName=3V3 Pin=C10-2
Removed Pin From Net: NetName=5V_in Pin=DD1-1
Removed Pin From Net: NetName=3V3 Pin=DD1-3
Removed Pin From Net: NetName=3V3 Pin=DD2-3
Removed Pin From Net: NetName=3V3 Pin=DD3-9
Removed Pin From Net: NetName=3V3 Pin=DD3-10
Removed Pin From Net: NetName=NRST Pin=R1-1
Removed Pin From Net: NetName=3V3 Pin=R1-2
Removed Pin From Net: NetName=OSC_OUT Pin=R2-1
Removed Member From Class: ClassName=PWR_MCU Member=BQ1
Change Component Footprint: Designator=C3 Old Footprint=CAP: 0603 New Footprint=CAP: 1206
Change Component Comment : Designator=C3 Old Comment=0603   20 ïÔ ± 10 % X7R 10Â New Comment=Ceramic capacitor, 10u, X7R, ±10%, 50V, 1206, -55...+125°C
Change Component Comment : Designator=R2 Old Comment=0603 62 Îì ± 5 % New Comment=Resistor film, 220k, , 0603, 0.1W, -55...+125°C
Change Component Comment : Designator=R1 Old Comment=Resistor film, 10k, , 0603, 0.1W, -55...+125°C New Comment=Resistor film, 2k, , 0603, 0.1W, -55...+125°C
Change Component Designator: OldDesignator=C1 NewDesignator=C4
Change Component Designator: OldDesignator=DD1 NewDesignator=DD3
Change Component Designator: OldDesignator=DD3 NewDesignator=DD4
Change Component Designator: OldDesignator=R3 NewDesignator=R5
Change Component Designator: OldDesignator=R4 NewDesignator=R6
Change Component Designator: OldDesignator=R5 NewDesignator=R7
Change Component Designator: OldDesignator=R6 NewDesignator=R8
Change Component Designator: OldDesignator=R7 NewDesignator=R9
Change Component Designator: OldDesignator=R8 NewDesignator=R10
Change Component Designator: OldDesignator=R9 NewDesignator=R11
Change Component Designator: OldDesignator=R10 NewDesignator=R12
Change Component Designator: OldDesignator=R11 NewDesignator=R13
Change Component Designator: OldDesignator=R12 NewDesignator=R14
Change Component Designator: OldDesignator=R13 NewDesignator=R15
Change Component Designator: OldDesignator=R14 NewDesignator=R16
Change Component Designator: OldDesignator=R15 NewDesignator=R17
Change Component Designator: OldDesignator=R16 NewDesignator=R18
Change Component Designator: OldDesignator=R17 NewDesignator=R19
Change Component Designator: OldDesignator=R18 NewDesignator=R20
Change Component Designator: OldDesignator=R19 NewDesignator=R21
Change Component Designator: OldDesignator=R20 NewDesignator=R22
Change Component Designator: OldDesignator=R21 NewDesignator=R23
Change Component Designator: OldDesignator=R22 NewDesignator=R24
Change Component Designator: OldDesignator=R23 NewDesignator=R25
Change Component Designator: OldDesignator=R24 NewDesignator=R26
Change Component Designator: OldDesignator=R25 NewDesignator=R27
Change Component Designator: OldDesignator=R26 NewDesignator=R28
Change Component Designator: OldDesignator=R27 NewDesignator=R29
Change Component Designator: OldDesignator=R28 NewDesignator=R30
Change Component Designator: OldDesignator=R29 NewDesignator=R31
Change Component Designator: OldDesignator=R30 NewDesignator=R32
Change Component Designator: OldDesignator=R31 NewDesignator=R33
Change Component Designator: OldDesignator=R32 NewDesignator=R34
Change Component Designator: OldDesignator=R33 NewDesignator=R35
Change Component Designator: OldDesignator=R34 NewDesignator=R36
Change Component Designator: OldDesignator=R35 NewDesignator=R37
Change Component Designator: OldDesignator=R36 NewDesignator=R38
Change Component Designator: OldDesignator=R37 NewDesignator=R39
Change Component Designator: OldDesignator=R38 NewDesignator=R40
Change Component Designator: OldDesignator=R39 NewDesignator=R41
Change Component Designator: OldDesignator=R40 NewDesignator=R42
Change Component Designator: OldDesignator=R41 NewDesignator=R43
Change Component Designator: OldDesignator=R42 NewDesignator=R44
Change Component Designator: OldDesignator=R43 NewDesignator=R45
Change Component Designator: OldDesignator=R44 NewDesignator=R46
Change Component Designator: OldDesignator=R45 NewDesignator=R47
Change Component Designator: OldDesignator=R46 NewDesignator=R48
Change Component Designator: OldDesignator=VD1 NewDesignator=VD3
Change Component Designator: OldDesignator=VD2 NewDesignator=VD4
Change Component Designator: OldDesignator=VD3 NewDesignator=VD5
Change Component Designator: OldDesignator=VD4 NewDesignator=VD6
Change Component Designator: OldDesignator=VD5 NewDesignator=VD7
Change Component Designator: OldDesignator=VD6 NewDesignator=VD8
Change Component Designator: OldDesignator=VD7 NewDesignator=VD9
Change Component Designator: OldDesignator=VD8 NewDesignator=VD10
Change Component Designator: OldDesignator=VD9 NewDesignator=VD11
Change Component Designator: OldDesignator=VD10 NewDesignator=VD12
Change Component Designator: OldDesignator=VD11 NewDesignator=VD13
Change Component Designator: OldDesignator=VD12 NewDesignator=VD14
Change Component Designator: OldDesignator=VD13 NewDesignator=VD15
Change Component Designator: OldDesignator=VD14 NewDesignator=VD16
Change Component Designator: OldDesignator=VD15 NewDesignator=VD17
Change Component Designator: OldDesignator=VD16 NewDesignator=VD18
Change Component Designator: OldDesignator=VD17 NewDesignator=VD19
Change Component Designator: OldDesignator=VD18 NewDesignator=VD20
Change Component Designator: OldDesignator=VD19 NewDesignator=VD21
Change Component Designator: OldDesignator=VD20 NewDesignator=VD22
Change Component Designator: OldDesignator=VD21 NewDesignator=VD23
Change Component Designator: OldDesignator=VD22 NewDesignator=VD24
Change Component Designator: OldDesignator=VD23 NewDesignator=VD25
Change Component Designator: OldDesignator=VD24 NewDesignator=VD26
Change Component Designator: OldDesignator=VD25 NewDesignator=VD27
Change Component Designator: OldDesignator=VD26 NewDesignator=VD28
Change Component Designator: OldDesignator=VD27 NewDesignator=VD29
Change Component Designator: OldDesignator=VD28 NewDesignator=VD30
Change Component Designator: OldDesignator=VD29 NewDesignator=VD31
Change Component Designator: OldDesignator=VD30 NewDesignator=VD32
Change Component Designator: OldDesignator=VD31 NewDesignator=VD33
Change Component Designator: OldDesignator=VD32 NewDesignator=VD34
Change Component Designator: OldDesignator=VD33 NewDesignator=VD35
Change Component Designator: OldDesignator=VD34 NewDesignator=VD36
Change Component Designator: OldDesignator=VD35 NewDesignator=VD37
Change Component Designator: OldDesignator=VD36 NewDesignator=VD38
Change component parameters: Designator = "C3" ("C3"); Footprint = "CAP: 0603"; UniqueID = "\UOWUDSLH" ("\UOWUDSLH")
Change component parameters (AddParameter): Name = "HelpURL"; Value = "https://www.digikey.com/product-detail/en/yageo/CC1206KRX7R9BB104/311-1179-1-ND/303089"; VariantName = "[No Variations]"
Change component parameters (AddParameter): Name = "Manufacturer"; Value = "Yageo"; VariantName = "[No Variations]"
Change component parameters (AddParameter): Name = "Package"; Value = "1206"; VariantName = "[No Variations]"
Change component parameters (AddParameter): Name = "PartNumber"; Value = "CC1206KRX7R9BB104"; VariantName = "[No Variations]"
Change component parameters (AddParameter): Name = "Temperature"; Value = "-55...+125°C"; VariantName = "[No Variations]"
Change component parameters (AddParameter): Name = "Tolerance"; Value = "±10%"; VariantName = "[No Variations]"
Change component parameters (AddParameter): Name = "TypeCapacitor"; Value = "Ceramic capacitor"; VariantName = "[No Variations]"
Change component parameters (AddParameter): Name = "TypeDielectric"; Value = "X7R"; VariantName = "[No Variations]"
Change component parameters (AddParameter): Name = "Value"; Value = "10u"; VariantName = "[No Variations]"
Change component parameters (AddParameter): Name = "ValueManufacturerPartNumber"; Value = "Ceramic capacitor, 10u, X7R, ±10%, 50V, 1206, -55...+125°C"; VariantName = "[No Variations]"
Change component parameters (AddParameter): Name = "Voltage"; Value = "50V"; VariantName = "[No Variations]"
Change component parameters: Designator = "R1" ("R1"); Footprint = "RES: 0603"; UniqueID = "\OMXVDGBM" ("\OMXVDGBM")
Change component parameters (AddParameter): Name = "HelpURL"; Value = "https://www.digikey.com/product-detail/en/yageo/RC0603JR-07100RL/311-100GRCT-ND/729644"; VariantName = "[No Variations]"
Change component parameters (AddParameter): Name = "Manufacturer"; Value = "Yageo"; VariantName = "[No Variations]"
Change component parameters (AddParameter): Name = "Package"; Value = "0603"; VariantName = "[No Variations]"
Change component parameters (AddParameter): Name = "PartNumber"; Value = "RC0603JR-07100RL"; VariantName = "[No Variations]"
Change component parameters (AddParameter): Name = "Power"; Value = "0.1W"; VariantName = "[No Variations]"
Change component parameters (AddParameter): Name = "Temperature"; Value = "-55...+125°C"; VariantName = "[No Variations]"
Change component parameters (AddParameter): Name = "TypeResistor"; Value = "Resistor film"; VariantName = "[No Variations]"
Change component parameters (AddParameter): Name = "Value"; Value = "2k"; VariantName = "[No Variations]"
Change component parameters (AddParameter): Name = "ValueManufacturerPartNumber"; Value = "Resistor film, 2k, , 0603, 0.1W, -55...+125°C"; VariantName = "[No Variations]"
Change component parameters: Designator = "R2" ("R2"); Footprint = "RES: 0603"; UniqueID = "\ELCWFMTX" ("\ELCWFMTX")
Change component parameters (AddParameter): Name = "HelpURL"; Value = "https://www.digikey.com/product-detail/en/yageo/RC0603JR-07100RL/311-100GRCT-ND/729644"; VariantName = "[No Variations]"
Change component parameters (AddParameter): Name = "Manufacturer"; Value = "Yageo"; VariantName = "[No Variations]"
Change component parameters (AddParameter): Name = "Package"; Value = "0603"; VariantName = "[No Variations]"
Change component parameters (AddParameter): Name = "PartNumber"; Value = "RC0603JR-07100RL"; VariantName = "[No Variations]"
Change component parameters (AddParameter): Name = "Power"; Value = "0.1W"; VariantName = "[No Variations]"
Change component parameters (AddParameter): Name = "Temperature"; Value = "-55...+125°C"; VariantName = "[No Variations]"
Change component parameters (AddParameter): Name = "TypeResistor"; Value = "Resistor film"; VariantName = "[No Variations]"
Change component parameters (AddParameter): Name = "Value"; Value = "220k"; VariantName = "[No Variations]"
Change component parameters (AddParameter): Name = "ValueManufacturerPartNumber"; Value = "Resistor film, 220k, , 0603, 0.1W, -55...+125°C"; VariantName = "[No Variations]"
Added Component: Designator=C1(CAP: 1206)
Add component (AddParameter): Name = "HelpURL"; Value = "https://www.digikey.com/product-detail/en/yageo/CC1206KRX7R9BB104/311-1179-1-ND/303089"; VariantName = "[No Variations]"
Add component (AddParameter): Name = "Manufacturer"; Value = "Yageo"; VariantName = "[No Variations]"
Add component (AddParameter): Name = "Package"; Value = "1206"; VariantName = "[No Variations]"
Add component (AddParameter): Name = "PartNumber"; Value = "CC1206KRX7R9BB104"; VariantName = "[No Variations]"
Add component (AddParameter): Name = "Temperature"; Value = "-55...+125°C"; VariantName = "[No Variations]"
Add component (AddParameter): Name = "Tolerance"; Value = "±10%"; VariantName = "[No Variations]"
Add component (AddParameter): Name = "TypeCapacitor"; Value = "Ceramic capacitor"; VariantName = "[No Variations]"
Add component (AddParameter): Name = "TypeDielectric"; Value = "X7R"; VariantName = "[No Variations]"
Add component (AddParameter): Name = "Value"; Value = "10u"; VariantName = "[No Variations]"
Add component (AddParameter): Name = "ValueManufacturerPartNumber"; Value = "Ceramic capacitor, 10u, X7R, ±10%, 50V, 1206, -55...+125°C"; VariantName = "[No Variations]"
Add component (AddParameter): Name = "Voltage"; Value = "50V"; VariantName = "[No Variations]"
Added Component: Designator=DD1(8-ESOP)
Add component (AddParameter): Name = "ComponentLink1Description"; Value = "Datasheet"; VariantName = "[No Variations]"
Add component (AddParameter): Name = "ComponentLink1URL"; Value = "https://static.chipdip.ru/lib/848/DOC018848830.pdf"; VariantName = "[No Variations]"
Added Component: Designator=R3(RES: 0603)
Add component (AddParameter): Name = "HelpURL"; Value = "https://www.digikey.com/product-detail/en/yageo/RC0603JR-07100RL/311-100GRCT-ND/729644"; VariantName = "[No Variations]"
Add component (AddParameter): Name = "Manufacturer"; Value = "Yageo"; VariantName = "[No Variations]"
Add component (AddParameter): Name = "Package"; Value = "0603"; VariantName = "[No Variations]"
Add component (AddParameter): Name = "PartNumber"; Value = "RC0603JR-07100RL"; VariantName = "[No Variations]"
Add component (AddParameter): Name = "Power"; Value = "0.1W"; VariantName = "[No Variations]"
Add component (AddParameter): Name = "Temperature"; Value = "-55...+125°C"; VariantName = "[No Variations]"
Add component (AddParameter): Name = "TypeResistor"; Value = "Resistor film"; VariantName = "[No Variations]"
Add component (AddParameter): Name = "Value"; Value = "220k"; VariantName = "[No Variations]"
Add component (AddParameter): Name = "ValueManufacturerPartNumber"; Value = "Resistor film, 220k, , 0603, 0.1W, -55...+125°C"; VariantName = "[No Variations]"
Added Component: Designator=R4(RES: 0603)
Add component (AddParameter): Name = "HelpURL"; Value = "https://www.digikey.com/product-detail/en/yageo/RC0603JR-07100RL/311-100GRCT-ND/729644"; VariantName = "[No Variations]"
Add component (AddParameter): Name = "Manufacturer"; Value = "Yageo"; VariantName = "[No Variations]"
Add component (AddParameter): Name = "Package"; Value = "0603"; VariantName = "[No Variations]"
Add component (AddParameter): Name = "PartNumber"; Value = "RC0603JR-07100RL"; VariantName = "[No Variations]"
Add component (AddParameter): Name = "Power"; Value = "0.1W"; VariantName = "[No Variations]"
Add component (AddParameter): Name = "Temperature"; Value = "-55...+125°C"; VariantName = "[No Variations]"
Add component (AddParameter): Name = "TypeResistor"; Value = "Resistor film"; VariantName = "[No Variations]"
Add component (AddParameter): Name = "Value"; Value = "1k3"; VariantName = "[No Variations]"
Add component (AddParameter): Name = "ValueManufacturerPartNumber"; Value = "Resistor film, 1k3, , 0603, 0.1W, -55...+125°C"; VariantName = "[No Variations]"
Added Component: Designator=SW1(JUM: 0603_3P)
Added Component: Designator=TP1(TestPoint(without 3D))
Added Component: Designator=TP2(TestPoint(without 3D))
Added Component: Designator=VD1(LED: 0603R)
Add component (AddParameter): Name = "Color"; Value = "GREEN"; VariantName = "[No Variations]"
Add component (AddParameter): Name = "ColorParameter"; Value = "Green"; VariantName = "[No Variations]"
Add component (AddParameter): Name = "Current"; Value = ""; VariantName = "[No Variations]"
Add component (AddParameter): Name = "HelpURL"; Value = ""; VariantName = "[No Variations]"
Add component (AddParameter): Name = "Manufacturer"; Value = ""; VariantName = "[No Variations]"
Add component (AddParameter): Name = "Package"; Value = ""; VariantName = "[No Variations]"
Add component (AddParameter): Name = "PartNumber"; Value = ""; VariantName = "[No Variations]"
Add component (AddParameter): Name = "Temperature"; Value = "-55...+150°C"; VariantName = "[No Variations]"
Add component (AddParameter): Name = "TypeDiode"; Value = "LED"; VariantName = "[No Variations]"
Add component (AddParameter): Name = "ValueManufacturerPartNumber"; Value = "LED, Green, *, *, *, -55...+150°C"; VariantName = "[No Variations]"
Add component (AddParameter): Name = "VoltageDrop"; Value = ""; VariantName = "[No Variations]"
Added Component: Designator=VD2(LED: 0603R)
Add component (AddParameter): Name = "Color"; Value = "GREEN"; VariantName = "[No Variations]"
Add component (AddParameter): Name = "ColorParameter"; Value = "Green"; VariantName = "[No Variations]"
Add component (AddParameter): Name = "Current"; Value = ""; VariantName = "[No Variations]"
Add component (AddParameter): Name = "HelpURL"; Value = ""; VariantName = "[No Variations]"
Add component (AddParameter): Name = "Manufacturer"; Value = ""; VariantName = "[No Variations]"
Add component (AddParameter): Name = "Package"; Value = ""; VariantName = "[No Variations]"
Add component (AddParameter): Name = "PartNumber"; Value = ""; VariantName = "[No Variations]"
Add component (AddParameter): Name = "Temperature"; Value = "-55...+150°C"; VariantName = "[No Variations]"
Add component (AddParameter): Name = "TypeDiode"; Value = "LED"; VariantName = "[No Variations]"
Add component (AddParameter): Name = "ValueManufacturerPartNumber"; Value = "LED, Green, *, *, *, -55...+150°C"; VariantName = "[No Variations]"
Add component (AddParameter): Name = "VoltageDrop"; Value = ""; VariantName = "[No Variations]"
Added Pin To Net: NetName=GND Pin=C1-1
Added Pin To Net: NetName=5V_in Pin=C1-2
Added Pin To Net: NetName=GND Pin=C3-1
Added Pin To Net: NetName=3V3 Pin=C3-2
Added Pin To Net: NetName=3V3 Pin=C4-2
Added Pin To Net: NetName=GND Pin=DD1-3
Added Pin To Net: NetName=GND Pin=DD1-3
Added Pin To Net: NetName=5V_in Pin=DD1-4
Added Pin To Net: NetName=3V3 Pin=DD1-5
Added Pin To Net: NetName=5V_in Pin=DD1-8
Added Pin To Net: NetName=3V3 Pin=DD3-1
Added Pin To Net: NetName=5V_in Pin=R1-2
Added Pin To Net: NetName=3V3 Pin=R2-2
Added Pin To Net: NetName=GND Pin=R3-1
Added Pin To Net: NetName=GND Pin=R4-1
Added Pin To Net: NetName=3V3 Pin=TP1-1
Added Pin To Net: NetName=GND Pin=TP2-1
Change Net Name : Old Net Name=3V3 New Net Name=BAT+
Change Net Name : Old Net Name=NetR3_1 New Net Name=NetR5_1
Change Net Name : Old Net Name=NetR4_1 New Net Name=NetR6_1
Change Net Name : Old Net Name=NetR5_1 New Net Name=NetR7_1
Change Net Name : Old Net Name=NetR6_1 New Net Name=NetR8_1
Change Net Name : Old Net Name=NetR7_1 New Net Name=NetR9_1
Change Net Name : Old Net Name=NetR8_1 New Net Name=NetR10_1
Change Net Name : Old Net Name=NetR9_2 New Net Name=NetR11_2
Change Net Name : Old Net Name=NetR10_2 New Net Name=NetR12_2
Change Net Name : Old Net Name=NetR11_1 New Net Name=NetR13_1
Change Net Name : Old Net Name=NetR12_1 New Net Name=NetR14_1
Change Net Name : Old Net Name=NetR15_1 New Net Name=NetR17_1
Change Net Name : Old Net Name=NetR16_1 New Net Name=NetR18_1
Change Net Name : Old Net Name=NetR17_1 New Net Name=NetR19_1
Change Net Name : Old Net Name=NetR18_1 New Net Name=NetR20_1
Change Net Name : Old Net Name=NetR19_1 New Net Name=NetR21_1
Change Net Name : Old Net Name=NetR20_1 New Net Name=NetR22_1
Change Net Name : Old Net Name=NetR21_1 New Net Name=NetR23_1
Change Net Name : Old Net Name=NetR22_1 New Net Name=NetR24_1
Change Net Name : Old Net Name=NetR23_1 New Net Name=NetR25_1
Change Net Name : Old Net Name=NetR24_1 New Net Name=NetR26_1
Change Net Name : Old Net Name=NetR25_1 New Net Name=NetR27_1
Change Net Name : Old Net Name=NetR26_1 New Net Name=NetR28_1
Change Net Name : Old Net Name=NetR27_1 New Net Name=NetR29_1
Change Net Name : Old Net Name=NetR28_1 New Net Name=NetR30_1
Change Net Name : Old Net Name=NetR29_1 New Net Name=NetR31_1
Change Net Name : Old Net Name=NetR30_1 New Net Name=NetR32_1
Change Net Name : Old Net Name=NetR31_2 New Net Name=NetR33_2
Change Net Name : Old Net Name=NetR32_2 New Net Name=NetR34_2
Change Net Name : Old Net Name=NetR33_1 New Net Name=NetR35_1
Change Net Name : Old Net Name=NetR34_1 New Net Name=NetR36_1
Change Net Name : Old Net Name=NetR37_1 New Net Name=NetR39_1
Change Net Name : Old Net Name=NetR38_1 New Net Name=NetR40_1
Change Net Name : Old Net Name=NetR39_1 New Net Name=NetR41_1
Change Net Name : Old Net Name=NetR40_1 New Net Name=NetR42_1
Change Net Name : Old Net Name=NetR41_1 New Net Name=NetR43_1
Change Net Name : Old Net Name=NetR42_1 New Net Name=NetR44_1
Change Net Name : Old Net Name=NetR43_1 New Net Name=NetR45_1
Change Net Name : Old Net Name=NetR44_1 New Net Name=NetR46_1
Change Net Name : Old Net Name=NetR45_1 New Net Name=NetR47_1
Change Net Name : Old Net Name=NetR46_1 New Net Name=NetR48_1
Change Net Name : Old Net Name=NetVD1_2 New Net Name=NetVD3_2
Change Net Name : Old Net Name=NetVD2_2 New Net Name=NetVD4_2
Change Net Name : Old Net Name=NetVD19_2 New Net Name=NetVD21_2
Change Net Name : Old Net Name=NetVD20_2 New Net Name=NetVD22_2
Added Pin To Net: NetName=3V3 Pin=C5-2
Added Pin To Net: NetName=3V3 Pin=C6-2
Added Pin To Net: NetName=3V3 Pin=C7-2
Added Pin To Net: NetName=3V3 Pin=C8-2
Added Pin To Net: NetName=3V3 Pin=C9-2
Added Pin To Net: NetName=3V3 Pin=C10-2
Added Pin To Net: NetName=3V3 Pin=DD2-3
Added Pin To Net: NetName=3V3 Pin=DD3-3
Added Pin To Net: NetName=3V3 Pin=DD4-9
Added Pin To Net: NetName=3V3 Pin=DD4-10
Added Net: Name=3V3
Added Pin To Net: NetName=ADC1_IN0 Pin=DD2-6
Added Pin To Net: NetName=ADC1_IN0 Pin=SW1-3
Added Net: Name=ADC1_IN0
Added Pin To Net: NetName=ADC1_IN3 Pin=DD2-9
Added Pin To Net: NetName=ADC1_IN3 Pin=SW1-1
Added Net: Name=ADC1_IN3
Added Pin To Net: NetName=NetDD1_2 Pin=DD1-2
Added Pin To Net: NetName=NetDD1_2 Pin=R4-2
Added Net: Name=NetDD1_2
Added Pin To Net: NetName=NetDD1_6 Pin=DD1-6
Added Pin To Net: NetName=NetDD1_6 Pin=VD2-2
Added Net: Name=NetDD1_6
Added Pin To Net: NetName=NetDD1_7 Pin=DD1-7
Added Pin To Net: NetName=NetDD1_7 Pin=VD1-2
Added Net: Name=NetDD1_7
Added Pin To Net: NetName=NetR1_1 Pin=R1-1
Added Pin To Net: NetName=NetR1_1 Pin=VD1-1
Added Pin To Net: NetName=NetR1_1 Pin=VD2-1
Added Net: Name=NetR1_1
Added Pin To Net: NetName=VBAT Pin=R2-1
Added Pin To Net: NetName=VBAT Pin=R3-2
Added Pin To Net: NetName=VBAT Pin=SW1-2
Added Net: Name=VBAT
Added Member To Class: ClassName=PWR_MCU Member=Component DD3 K7803MT-1000R
Added Member To Class: ClassName=PWR_MCU Member=Component R3 Resistor film, 220k, , 0603, 0.1W, -55...+125°C
Added Member To Class: ClassName=PWR_MCU Member=Component R4 Resistor film, 1k3, , 0603, 0.1W, -55...+125°C
Added Member To Class: ClassName=PWR_MCU Member=Component SW1 Jumper
Added Member To Class: ClassName=PWR_MCU Member=Component TP1 Testpoint_HS1mm
Added Member To Class: ClassName=PWR_MCU Member=Component TP2 Testpoint_HS1mm
Added Member To Class: ClassName=PWR_MCU Member=Component VD1 LED, Green, *, *, *, -55...+150°C
Added Member To Class: ClassName=PWR_MCU Member=Component VD2 LED, Green, *, *, *, -55...+150°C
PCB-ECO: Change Pad Pin/Pkg Length: Old=1mm New=2.5mm
PCB-ECO: Change Pad Pin/Pkg Length: Old=1mm New=2.5mm
PCB-ECO: Change Pad Pin/Pkg Length: Old=1mm New=2.5mm
PCB-ECO: Change Pad Pin/Pkg Length: Old=1mm New=2.5mm
PCB-ECO: Change Pad Pin/Pkg Length: Old=1mm New=2.5mm
PCB-ECO: Change Pad Pin/Pkg Length: Old=1mm New=2.5mm
PCB-ECO: Change Pad Pin/Pkg Length: Old=1mm New=2.5mm
PCB-ECO: Change Pad Pin/Pkg Length: Old=1mm New=2.5mm
PCB-ECO: Change Pad Pin/Pkg Length: Old=1mm New=2.5mm
PCB-ECO: Change Pad Pin/Pkg Length: Old=1mm New=2.5mm
PCB-ECO: Change Pad Pin/Pkg Length: Old=1mm New=2.5mm
PCB-ECO: Change Pad Pin/Pkg Length: Old=1mm New=2.5mm
PCB-ECO: Change Pad Pin/Pkg Length: Old=1mm New=2.5mm
PCB-ECO: Change Pad Pin/Pkg Length: Old=1mm New=2.5mm
PCB-ECO: Change Pad Pin/Pkg Length: Old=1mm New=2.5mm
PCB-ECO: Change Pad Pin/Pkg Length: Old=1mm New=2.5mm
PCB-ECO: Change Pad Pin/Pkg Length: Old=1mm New=2.5mm
PCB-ECO: Change Pad Pin/Pkg Length: Old=1mm New=2.5mm
PCB-ECO: Change Pad Pin/Pkg Length: Old=1mm New=2.5mm
PCB-ECO: Change Pad Pin/Pkg Length: Old=1mm New=2.5mm
PCB-ECO: Change Pad Pin/Pkg Length: Old=1mm New=2.5mm
PCB-ECO: Change Pad Pin/Pkg Length: Old=1mm New=2.5mm
PCB-ECO: Change Pad Pin/Pkg Length: Old=1mm New=2.5mm
PCB-ECO: Change Pad Pin/Pkg Length: Old=1mm New=2.5mm
PCB-ECO: Change Pad Pin/Pkg Length: Old=1mm New=2.5mm
PCB-ECO: Change Pad Pin/Pkg Length: Old=1mm New=2.5mm
PCB-ECO: Change Pad Pin/Pkg Length: Old=1mm New=2.5mm
PCB-ECO: Change Pad Pin/Pkg Length: Old=1mm New=2.5mm
PCB-ECO: Change Pad Pin/Pkg Length: Old=1mm New=2.5mm
PCB-ECO: Change Pad Pin/Pkg Length: Old=1mm New=2.5mm
PCB-ECO: Change Pad Pin/Pkg Length: Old=1mm New=2.5mm
PCB-ECO: Change Pad Pin/Pkg Length: Old=1mm New=2.5mm
PCB-ECO: Change Pad Pin/Pkg Length: Old=1mm New=2.5mm
PCB-ECO: Change Pad Pin/Pkg Length: Old=1mm New=2.5mm
PCB-ECO: Change Pad Pin/Pkg Length: Old=1mm New=2.5mm
PCB-ECO: Change Pad Pin/Pkg Length: Old=1mm New=2.5mm
PCB-ECO: Change Pad Pin/Pkg Length: Old=1mm New=2.5mm
PCB-ECO: Change Pad Pin/Pkg Length: Old=1mm New=2.5mm
PCB-ECO: Change Pad Pin/Pkg Length: Old=1mm New=2.5mm
PCB-ECO: Change Pad Pin/Pkg Length: Old=1mm New=2.5mm
PCB-ECO: Change Pad Pin/Pkg Length: Old=1mm New=0mm
PCB-ECO: Change Pad Pin/Pkg Length: Old=1mm New=0mm
PCB-ECO: Change Pad Pin/Pkg Length: Old=1mm New=0mm
PCB-ECO: Change Pad Pin/Pkg Length: Old=1mm New=0mm
PCB-ECO: Change Pad Pin/Pkg Length: Old=1mm New=0mm
PCB-ECO: Change Pad Pin/Pkg Length: Old=1mm New=0mm
