Removed Pin From Net: NetName=GND Pin=C8-1
Removed Pin From Net: NetName=3V3 Pin=C8-2
Removed Pin From Net: NetName=GND Pin=C9-1
Removed Pin From Net: NetName=3V3 Pin=C9-2
Removed Pin From Net: NetName=GND Pin=C10-1
Removed Pin From Net: NetName=3V3 Pin=C10-2
Removed Pin From Net: NetName=SCL_MEMS_SPI1 Pin=DD3-1
Removed Pin From Net: NetName=CS_MEMS_SPI1 Pin=DD3-2
Removed Pin From Net: NetName=SDO_MEMS_SPI1 Pin=DD3-3
Removed Pin From Net: NetName=SDI_MEMS_SPI1 Pin=DD3-4
Removed Pin From Net: NetName=GND Pin=DD3-5
Removed Pin From Net: NetName=GND Pin=DD3-6
Removed Pin From Net: NetName=GND Pin=DD3-7
Removed Pin From Net: NetName=GND Pin=DD3-8
Removed Pin From Net: NetName=3V3 Pin=DD3-9
Removed Pin From Net: NetName=3V3 Pin=DD3-10
Removed Pin From Net: NetName=INT2 Pin=DD3-11
Removed Pin From Net: NetName=INT1 Pin=DD3-12
Removed Pin From Net: NetName=SCL_MEMS_SPI1 Pin=TP18-1
Removed Pin From Net: NetName=CS_MEMS_SPI1 Pin=TP19-1
Removed Pin From Net: NetName=SDO_MEMS_SPI1 Pin=TP20-1
Removed Pin From Net: NetName=SDI_MEMS_SPI1 Pin=TP21-1
Removed Pin From Net: NetName=INT1 Pin=TP22-1
Removed Pin From Net: NetName=INT2 Pin=TP23-1
Removed Member From Class: ClassName=Accelerometer Member=C8
Removed Member From Class: ClassName=Accelerometer Member=C9
Removed Member From Class: ClassName=Accelerometer Member=C10
Removed Member From Class: ClassName=Accelerometer Member=DD3
Removed Member From Class: ClassName=Accelerometer Member=TP18
Removed Member From Class: ClassName=Accelerometer Member=TP19
Removed Member From Class: ClassName=Accelerometer Member=TP20
Removed Member From Class: ClassName=Accelerometer Member=TP21
Removed Member From Class: ClassName=Accelerometer Member=TP22
Removed Member From Class: ClassName=Accelerometer Member=TP23
