Change Physical Footprint: Designator=C1 Old Footprint=CAP: 1206 New Footprint=CAP: 1206
Change Physical Footprint: Designator=C2 Old Footprint=CAP: 0603 New Footprint=CAP: 0603
Change Physical Footprint: Designator=C3 Old Footprint=CAP: 0603 New Footprint=CAP: 0603
Change Physical Footprint: Designator=C4 Old Footprint=CAP: 0603 New Footprint=CAP: 0603
Change Physical Footprint: Designator=C5 Old Footprint=CAP: 0603 New Footprint=CAP: 0603
Change Physical Footprint: Designator=C6 Old Footprint=CAP: 0603 New Footprint=CAP: 0603
Change Physical Footprint: Designator=C7 Old Footprint=CAP: 0603 New Footprint=CAP: 0603
Change Physical Footprint: Designator=C8 Old Footprint=CAP: 0603 New Footprint=CAP: 0603
Change Physical Footprint: Designator=C9 Old Footprint=CAP: 0603 New Footprint=CAP: 0603
Change Physical Footprint: Designator=C10 Old Footprint=CAP: 0603 New Footprint=CAP: 0603
Change Physical Footprint: Designator=DD1 Old Footprint=DFN_K7805 New Footprint=DFN_K7805
Change Physical Footprint: Designator=DD2 Old Footprint=28-UFQFPN New Footprint=28-UFQFPN
Change Physical Footprint: Designator=DD3 Old Footprint=12-LGA New Footprint=12-LGA
Change Physical Footprint: Designator=R23 Old Footprint=RES: 0603 New Footprint=RES: 0603
Change Physical Footprint: Designator=R24 Old Footprint=RES: 0603 New Footprint=RES: 0603
Change Physical Footprint: Designator=R45 Old Footprint=RES: 0603 New Footprint=RES: 0603
Change Physical Footprint: Designator=R46 Old Footprint=RES: 0603 New Footprint=RES: 0603
Change Physical Footprint: Designator=VD17 Old Footprint=LED: 1206Y New Footprint=LED: 1206Y
Change Physical Footprint: Designator=VD18 Old Footprint=LED: 1206Y New Footprint=LED: 1206Y
Change Physical Footprint: Designator=VD35 Old Footprint=LED: 1206Y New Footprint=LED: 1206Y
Change Physical Footprint: Designator=VD36 Old Footprint=LED: 1206Y New Footprint=LED: 1206Y
Change Physical Footprint: Designator=VT3 Old Footprint=SOT23 New Footprint=SOT23
Change Physical Footprint: Designator=XS2 Old Footprint=CON: PLLD-6R(1.27) New Footprint=CON: PLLD-6R(1.27)
