Change Component Designator: OldDesignator=C11 NewDesignator=C8
Change Component Designator: OldDesignator=C12 NewDesignator=C9
Change Component Designator: OldDesignator=C13 NewDesignator=C10
Change Component Designator: OldDesignator=DD4 NewDesignator=DD3
Change Component Designator: OldDesignator=R2 NewDesignator=R1
Change Component Designator: OldDesignator=R3 NewDesignator=R2
Change Component Designator: OldDesignator=R4 NewDesignator=R3
Change Component Designator: OldDesignator=R5 NewDesignator=R4
Change Component Designator: OldDesignator=R6 NewDesignator=R5
Change Component Designator: OldDesignator=R7 NewDesignator=R6
Change Component Designator: OldDesignator=R8 NewDesignator=R7
Change Component Designator: OldDesignator=R9 NewDesignator=R8
Change Component Designator: OldDesignator=R10 NewDesignator=R9
Change Component Designator: OldDesignator=R11 NewDesignator=R10
Change Component Designator: OldDesignator=R12 NewDesignator=R11
Change Component Designator: OldDesignator=R13 NewDesignator=R12
Change Component Designator: OldDesignator=R14 NewDesignator=R13
Change Component Designator: OldDesignator=R15 NewDesignator=R14
Change Component Designator: OldDesignator=R16 NewDesignator=R15
Change Component Designator: OldDesignator=R17 NewDesignator=R16
Change Component Designator: OldDesignator=R18 NewDesignator=R17
Change Component Designator: OldDesignator=R19 NewDesignator=R18
Change Component Designator: OldDesignator=R20 NewDesignator=R19
Change Component Designator: OldDesignator=R21 NewDesignator=R20
Change Component Designator: OldDesignator=R22 NewDesignator=R21
Change Component Designator: OldDesignator=R23 NewDesignator=R22
Change Component Designator: OldDesignator=R24 NewDesignator=R23
Change Component Designator: OldDesignator=R25 NewDesignator=R24
Change Component Designator: OldDesignator=R26 NewDesignator=R25
Change Component Designator: OldDesignator=R27 NewDesignator=R26
Change Component Designator: OldDesignator=R28 NewDesignator=R27
Change Component Designator: OldDesignator=R29 NewDesignator=R28
Change Component Designator: OldDesignator=R30 NewDesignator=R29
Change Component Designator: OldDesignator=R31 NewDesignator=R30
Change Component Designator: OldDesignator=R32 NewDesignator=R31
Change Component Designator: OldDesignator=R33 NewDesignator=R32
Change Component Designator: OldDesignator=R34 NewDesignator=R33
Change Component Designator: OldDesignator=R35 NewDesignator=R34
Change Component Designator: OldDesignator=R36 NewDesignator=R35
Change Component Designator: OldDesignator=R37 NewDesignator=R36
Change Component Designator: OldDesignator=R38 NewDesignator=R37
Change Component Designator: OldDesignator=R39 NewDesignator=R38
Change Component Designator: OldDesignator=R40 NewDesignator=R39
Change Component Designator: OldDesignator=R41 NewDesignator=R40
Change Component Designator: OldDesignator=R42 NewDesignator=R41
Change Component Designator: OldDesignator=R43 NewDesignator=R42
Change Component Designator: OldDesignator=R44 NewDesignator=R43
Change Component Designator: OldDesignator=R45 NewDesignator=R44
Change Component Designator: OldDesignator=R46 NewDesignator=R45
Change Component Designator: OldDesignator=R47 NewDesignator=R46
Change Component Designator: OldDesignator=TP24 NewDesignator=TP18
Change Component Designator: OldDesignator=TP25 NewDesignator=TP19
Change Component Designator: OldDesignator=TP26 NewDesignator=TP20
Change Component Designator: OldDesignator=TP27 NewDesignator=TP21
Change Component Designator: OldDesignator=TP28 NewDesignator=TP22
Change Component Designator: OldDesignator=TP29 NewDesignator=TP23
Change Net Name : Old Net Name=NetR4_1 New Net Name=NetR3_1
Change Net Name : Old Net Name=NetR5_1 New Net Name=NetR4_1
Change Net Name : Old Net Name=NetR6_1 New Net Name=NetR5_1
Change Net Name : Old Net Name=NetR7_1 New Net Name=NetR6_1
Change Net Name : Old Net Name=NetR8_1 New Net Name=NetR7_1
Change Net Name : Old Net Name=NetR9_1 New Net Name=NetR8_1
Change Net Name : Old Net Name=NetR10_2 New Net Name=NetR9_2
Change Net Name : Old Net Name=NetR11_2 New Net Name=NetR10_2
Change Net Name : Old Net Name=NetR12_1 New Net Name=NetR11_1
Change Net Name : Old Net Name=NetR13_1 New Net Name=NetR12_1
Change Net Name : Old Net Name=NetR16_1 New Net Name=NetR15_1
Change Net Name : Old Net Name=NetR17_1 New Net Name=NetR16_1
Change Net Name : Old Net Name=NetR18_1 New Net Name=NetR17_1
Change Net Name : Old Net Name=NetR19_1 New Net Name=NetR18_1
Change Net Name : Old Net Name=NetR20_1 New Net Name=NetR19_1
Change Net Name : Old Net Name=NetR21_1 New Net Name=NetR20_1
Change Net Name : Old Net Name=NetR22_1 New Net Name=NetR21_1
Change Net Name : Old Net Name=NetR23_1 New Net Name=NetR22_1
Change Net Name : Old Net Name=NetR24_1 New Net Name=NetR23_1
Change Net Name : Old Net Name=NetR25_1 New Net Name=NetR24_1
Change Net Name : Old Net Name=NetR26_1 New Net Name=NetR25_1
Change Net Name : Old Net Name=NetR26_2 New Net Name=NetR25_2
Change Net Name : Old Net Name=NetR27_1 New Net Name=NetR26_1
Change Net Name : Old Net Name=NetR28_1 New Net Name=NetR27_1
Change Net Name : Old Net Name=NetR29_1 New Net Name=NetR28_1
Change Net Name : Old Net Name=NetR30_1 New Net Name=NetR29_1
Change Net Name : Old Net Name=NetR31_1 New Net Name=NetR30_1
Change Net Name : Old Net Name=NetR32_2 New Net Name=NetR31_2
Change Net Name : Old Net Name=NetR33_2 New Net Name=NetR32_2
Change Net Name : Old Net Name=NetR34_1 New Net Name=NetR33_1
Change Net Name : Old Net Name=NetR35_1 New Net Name=NetR34_1
Change Net Name : Old Net Name=NetR38_1 New Net Name=NetR37_1
Change Net Name : Old Net Name=NetR39_1 New Net Name=NetR38_1
Change Net Name : Old Net Name=NetR40_1 New Net Name=NetR39_1
Change Net Name : Old Net Name=NetR41_1 New Net Name=NetR40_1
Change Net Name : Old Net Name=NetR42_1 New Net Name=NetR41_1
Change Net Name : Old Net Name=NetR43_1 New Net Name=NetR42_1
Change Net Name : Old Net Name=NetR44_1 New Net Name=NetR43_1
Change Net Name : Old Net Name=NetR45_1 New Net Name=NetR44_1
Change Net Name : Old Net Name=NetR46_1 New Net Name=NetR45_1
Change Net Name : Old Net Name=NetR47_1 New Net Name=NetR46_1
